<?xml version="1.0" encoding="utf-8"?><testsuites name="pytest tests"><testsuite name="pytest" errors="0" failures="0" skipped="0" tests="34" time="4.283" timestamp="2026-03-26T12:42:18.572345+00:00" hostname="agent-env-3aa21721-006c-4a14-b633-8e61e7ee3b04"><testcase classname="backend.tests.test_it_asset_management.TestAuthentication" name="test_super_admin_login" time="0.485" /><testcase classname="backend.tests.test_it_asset_management.TestAuthentication" name="test_tenant_admin_login" time="0.285" /><testcase classname="backend.tests.test_it_asset_management.TestAuthentication" name="test_asset_manager_login" time="0.274" /><testcase classname="backend.tests.test_it_asset_management.TestAuthentication" name="test_employee_login" time="0.270" /><testcase classname="backend.tests.test_it_asset_management.TestAuthentication" name="test_invalid_credentials" time="0.051" /><testcase classname="backend.tests.test_it_asset_management.TestAuthentication" name="test_auth_me_endpoint" time="0.337" /><testcase classname="backend.tests.test_it_asset_management.TestAssetManagerBugFix" name="test_asset_manager_can_access_users" time="0.066" /><testcase classname="backend.tests.test_it_asset_management.TestAssetManagerBugFix" name="test_asset_manager_can_access_assets" time="0.050" /><testcase classname="backend.tests.test_it_asset_management.TestDashboard" name="test_super_admin_dashboard_stats" time="0.337" /><testcase classname="backend.tests.test_it_asset_management.TestDashboard" name="test_tenant_admin_dashboard_stats" time="0.326" /><testcase classname="backend.tests.test_it_asset_management.TestDashboard" name="test_asset_manager_dashboard_stats" time="0.055" /><testcase classname="backend.tests.test_it_asset_management.TestProducts" name="test_get_products" time="0.050" /><testcase classname="backend.tests.test_it_asset_management.TestProducts" name="test_get_products_with_currency" time="0.050" /><testcase classname="backend.tests.test_it_asset_management.TestProducts" name="test_create_product_as_admin" time="0.049" /><testcase classname="backend.tests.test_it_asset_management.TestProducts" name="test_create_product_as_asset_manager" time="0.047" /><testcase classname="backend.tests.test_it_asset_management.TestOrders" name="test_employee_create_order" time="0.389" /><testcase classname="backend.tests.test_it_asset_management.TestOrders" name="test_get_orders_as_employee" time="0.048" /><testcase classname="backend.tests.test_it_asset_management.TestOrders" name="test_get_orders_as_admin" time="0.048" /><testcase classname="backend.tests.test_it_asset_management.TestAssets" name="test_get_assets_as_admin" time="0.049" /><testcase classname="backend.tests.test_it_asset_management.TestAssets" name="test_get_assets_as_employee" time="0.050" /><testcase classname="backend.tests.test_it_asset_management.TestAssets" name="test_asset_depreciation" time="0.101" /><testcase classname="backend.tests.test_it_asset_management.TestTickets" name="test_create_ticket" time="0.051" /><testcase classname="backend.tests.test_it_asset_management.TestTickets" name="test_get_tickets_as_employee" time="0.063" /><testcase classname="backend.tests.test_it_asset_management.TestTickets" name="test_get_tickets_as_admin" time="0.049" /><testcase classname="backend.tests.test_it_asset_management.TestUsers" name="test_super_admin_get_all_users" time="0.050" /><testcase classname="backend.tests.test_it_asset_management.TestUsers" name="test_tenant_admin_get_tenant_users" time="0.048" /><testcase classname="backend.tests.test_it_asset_management.TestUsers" name="test_employee_cannot_access_users" time="0.049" /><testcase classname="backend.tests.test_it_asset_management.TestTenants" name="test_super_admin_get_tenants" time="0.049" /><testcase classname="backend.tests.test_it_asset_management.TestTenants" name="test_tenant_admin_cannot_list_tenants" time="0.047" /><testcase classname="backend.tests.test_it_asset_management.TestGroups" name="test_tenant_admin_get_groups" time="0.051" /><testcase classname="backend.tests.test_it_asset_management.TestGroups" name="test_asset_manager_cannot_access_groups" time="0.045" /><testcase classname="backend.tests.test_it_asset_management.TestApprovalWorkflows" name="test_get_approval_workflows" time="0.065" /><testcase classname="backend.tests.test_it_asset_management.TestApprovalWorkflows" name="test_asset_manager_get_workflows" time="0.052" /><testcase classname="backend.tests.test_it_asset_management.TestMaintenance" name="test_get_maintenance_schedules" time="0.049" /></testsuite></testsuites>