<?xml version="1.0" encoding="utf-8"?><testsuites name="pytest tests"><testsuite name="pytest" errors="0" failures="0" skipped="0" tests="25" time="2.745" timestamp="2026-03-26T13:03:34.087045+00:00" hostname="agent-env-3aa21721-006c-4a14-b633-8e61e7ee3b04"><testcase classname="backend.tests.test_saas_tier_management.TestSubscriptionTiersGet" name="test_get_subscription_tiers_returns_3_default_tiers" time="0.481" /><testcase classname="backend.tests.test_saas_tier_management.TestSubscriptionTiersGet" name="test_free_tier_has_correct_limits" time="0.045" /><testcase classname="backend.tests.test_saas_tier_management.TestSubscriptionTiersGet" name="test_pro_tier_has_correct_limits" time="0.048" /><testcase classname="backend.tests.test_saas_tier_management.TestSubscriptionTiersGet" name="test_enterprise_tier_has_unlimited_limits" time="0.050" /><testcase classname="backend.tests.test_saas_tier_management.TestSubscriptionTiersGet" name="test_tiers_sorted_by_sort_order" time="0.048" /><testcase classname="backend.tests.test_saas_tier_management.TestSubscriptionTiersCRUD" name="test_create_tier_super_admin_only" time="0.316" /><testcase classname="backend.tests.test_saas_tier_management.TestSubscriptionTiersCRUD" name="test_create_tier_denied_for_tenant_admin" time="0.047" /><testcase classname="backend.tests.test_saas_tier_management.TestSubscriptionTiersCRUD" name="test_update_tier_limits" time="0.099" /><testcase classname="backend.tests.test_saas_tier_management.TestSubscriptionTiersCRUD" name="test_update_tier_denied_for_tenant_admin" time="0.049" /><testcase classname="backend.tests.test_saas_tier_management.TestSubscriptionTiersCRUD" name="test_delete_tier_without_tenants" time="0.098" /><testcase classname="backend.tests.test_saas_tier_management.TestSubscriptionTiersCRUD" name="test_delete_tier_with_tenants_fails" time="0.046" /><testcase classname="backend.tests.test_saas_tier_management.TestTenantUsage" name="test_get_tenant_usage" time="0.315" /><testcase classname="backend.tests.test_saas_tier_management.TestTenantUsage" name="test_tenant_usage_includes_tier_info" time="0.055" /><testcase classname="backend.tests.test_saas_tier_management.TestTenantUsage" name="test_super_admin_can_view_any_tenant_usage" time="0.054" /><testcase classname="backend.tests.test_saas_tier_management.TestTenantUsage" name="test_tenant_admin_cannot_view_other_tenant_usage" time="0.049" /><testcase classname="backend.tests.test_saas_tier_management.TestTenantUsage" name="test_employee_cannot_view_usage" time="0.315" /><testcase classname="backend.tests.test_saas_tier_management.TestTenantSubscriptionChange" name="test_super_admin_can_change_tenant_tier" time="0.098" /><testcase classname="backend.tests.test_saas_tier_management.TestTenantSubscriptionChange" name="test_tenant_admin_cannot_change_tier" time="0.047" /><testcase classname="backend.tests.test_saas_tier_management.TestTenantSubscriptionChange" name="test_change_tier_updates_enabled_features" time="0.096" /><testcase classname="backend.tests.test_saas_tier_management.TestTierLimitEnforcement" name="test_user_creation_blocked_at_limit" time="0.045" /><testcase classname="backend.tests.test_saas_tier_management.TestTierLimitEnforcement" name="test_order_creation_respects_monthly_limit" time="0.094" /><testcase classname="backend.tests.test_saas_tier_management.TestTierLimitEnforcement" name="test_ticket_creation_respects_monthly_limit" time="0.049" /><testcase classname="backend.tests.test_saas_tier_management.TestTenantsPageTierBadge" name="test_tenants_list_includes_subscription_tier_id" time="0.048" /><testcase classname="backend.tests.test_saas_tier_management.TestGetSingleTier" name="test_get_single_tier" time="0.044" /><testcase classname="backend.tests.test_saas_tier_management.TestGetSingleTier" name="test_get_nonexistent_tier_returns_404" time="0.046" /></testsuite></testsuites>