<?xml version="1.0" encoding="utf-8"?><testsuites name="pytest tests"><testsuite name="pytest" errors="0" failures="0" skipped="0" tests="25" time="5.661" timestamp="2026-03-30T10:59:37.342281+00:00" hostname="agent-env-3aa21721-006c-4a14-b633-8e61e7ee3b04"><testcase classname="backend.tests.test_9_gaps.TestPriceValidation" name="test_create_product_with_zero_price_rejected" time="0.557" /><testcase classname="backend.tests.test_9_gaps.TestPriceValidation" name="test_create_product_with_negative_price_rejected" time="0.098" /><testcase classname="backend.tests.test_9_gaps.TestPriceValidation" name="test_create_product_with_valid_price_succeeds" time="0.094" /><testcase classname="backend.tests.test_9_gaps.TestOrderAndStockDeduction" name="test_create_order_with_delivery_notes" time="0.559" /><testcase classname="backend.tests.test_9_gaps.TestOrderAndStockDeduction" name="test_stock_deduction_on_order_approval" time="0.410" /><testcase classname="backend.tests.test_9_gaps.TestTicketsAssignedTo" name="test_create_ticket_and_assign" time="0.311" /><testcase classname="backend.tests.test_9_gaps.TestTicketsAssignedTo" name="test_tickets_list_includes_assigned_to" time="0.095" /><testcase classname="backend.tests.test_9_gaps.TestTenantSettings" name="test_super_admin_can_list_tenants" time="0.108" /><testcase classname="backend.tests.test_9_gaps.TestTenantSettings" name="test_super_admin_can_get_tenant_details" time="0.188" /><testcase classname="backend.tests.test_9_gaps.TestAddAsset" name="test_create_asset" time="0.222" /><testcase classname="backend.tests.test_9_gaps.TestAddAsset" name="test_list_assets" time="0.107" /><testcase classname="backend.tests.test_9_gaps.TestDeleteGroup" name="test_create_and_delete_group" time="0.413" /><testcase classname="backend.tests.test_9_gaps.TestDeleteGroup" name="test_cannot_delete_group_with_users" time="0.205" /><testcase classname="backend.tests.test_9_gaps.TestForgotPassword" name="test_forgot_password_request" time="0.094" /><testcase classname="backend.tests.test_9_gaps.TestForgotPassword" name="test_forgot_password_with_invalid_email" time="0.105" /><testcase classname="backend.tests.test_9_gaps.TestForgotPassword" name="test_reset_password_flow" time="0.759" /><testcase classname="backend.tests.test_9_gaps.TestForgotPassword" name="test_reset_password_with_invalid_token" time="0.106" /><testcase classname="backend.tests.test_9_gaps.TestForgotPassword" name="test_reset_password_too_short" time="0.189" /><testcase classname="backend.tests.test_9_gaps.TestProductSorting" name="test_products_have_sortable_fields" time="0.098" /><testcase classname="backend.tests.test_9_gaps.TestExistingFunctionality" name="test_login_works" time="0.326" /><testcase classname="backend.tests.test_9_gaps.TestExistingFunctionality" name="test_dashboard_stats" time="0.117" /><testcase classname="backend.tests.test_9_gaps.TestExistingFunctionality" name="test_products_list" time="0.104" /><testcase classname="backend.tests.test_9_gaps.TestExistingFunctionality" name="test_orders_list" time="0.099" /><testcase classname="backend.tests.test_9_gaps.TestExistingFunctionality" name="test_assets_list" time="0.096" /><testcase classname="backend.tests.test_9_gaps.TestExistingFunctionality" name="test_tickets_list" time="0.111" /></testsuite></testsuites>