<?xml version="1.0" encoding="utf-8"?><testsuites name="pytest tests"><testsuite name="pytest" errors="0" failures="0" skipped="0" tests="13" time="7.678" timestamp="2026-04-14T11:39:38.615720+00:00" hostname="agent-env-3aa21721-006c-4a14-b633-8e61e7ee3b04"><testcase classname="tests.test_issue_fixes.TestAuthSession" name="test_auth_session_endpoint_exists" time="0.127" /><testcase classname="tests.test_issue_fixes.TestProductTenantSegregation" name="test_tenant_admin_creates_product_with_tenant_id" time="0.872" /><testcase classname="tests.test_issue_fixes.TestProductTenantSegregation" name="test_super_admin_creates_global_product" time="0.504" /><testcase classname="tests.test_issue_fixes.TestProductTenantSegregation" name="test_tenant_admin_sees_own_and_global_products" time="0.643" /><testcase classname="tests.test_issue_fixes.TestProductTenantSegregation" name="test_super_admin_sees_all_products" time="0.755" /><testcase classname="tests.test_issue_fixes.TestBulkImport" name="test_bulk_import_csv_success" time="0.493" /><testcase classname="tests.test_issue_fixes.TestBulkImport" name="test_bulk_import_csv_with_errors" time="0.727" /><testcase classname="tests.test_issue_fixes.TestBulkImport" name="test_bulk_import_unsupported_format" time="0.989" /><testcase classname="tests.test_issue_fixes.TestBulkImport" name="test_bulk_import_requires_auth" time="0.351" /><testcase classname="tests.test_issue_fixes.TestExistingFunctionality" name="test_login_super_admin" time="0.532" /><testcase classname="tests.test_issue_fixes.TestExistingFunctionality" name="test_login_tenant_admin" time="0.414" /><testcase classname="tests.test_issue_fixes.TestExistingFunctionality" name="test_products_endpoint" time="0.489" /><testcase classname="tests.test_issue_fixes.TestCleanup" name="test_cleanup_test_products" time="0.729" /></testsuite></testsuites>